<?xml version="1.0" encoding="UTF-8"?>
<!-- Generated by org.testng.reporters.JUnitXMLReporter -->
<testsuite ignored="0" hostname="LTIN428261" failures="0" tests="3" name="Test" time="73.875" errors="0" timestamp="22 Feb 2023 18:00:44 GMT">
  <testcase classname="testSuites.TestCases" name="hospitalNames" time="15.224"/>
  <testcase classname="testSuites.TestCases" name="TopCities" time="3.322"/>
  <testcase classname="testSuites.TestCases" name="corporateWellness" time="29.424"/>
</testsuite> <!-- Test -->
