<?xml version="1.0" encoding="UTF-8"?>
<testng-results ignored="0" total="3" passed="2" failed="1" skipped="0">
  <reporter-output>
  </reporter-output>
  <suite started-at="2023-06-06T09:57:56 IST" name="Default suite" finished-at="2023-06-06T09:58:54 IST" duration-ms="57501">
    <groups>
    </groups>
    <test started-at="2023-06-06T09:57:56 IST" name="Default test" finished-at="2023-06-06T09:58:54 IST" duration-ms="57501">
      <class name="testSuites.TestCases">
        <test-method is-config="true" signature="invokeBrowser()[pri:0, instance:testSuites.TestCases@1b410b60]" started-at="2023-06-06T09:57:56 IST" name="invokeBrowser" finished-at="2023-06-06T09:58:08 IST" duration-ms="12351" status="PASS">
          <reporter-output>
          </reporter-output>
        </test-method> <!-- invokeBrowser -->
        <test-method signature="hospitalNames()[pri:1, instance:testSuites.TestCases@1b410b60]" started-at="2023-06-06T09:58:08 IST" name="hospitalNames" finished-at="2023-06-06T09:58:13 IST" duration-ms="4771" status="FAIL">
          <exception class="java.lang.NoSuchMethodError">
            <message>
              <![CDATA['void org.openqa.selenium.support.ui.WebDriverWait.<init>(org.openqa.selenium.WebDriver, long)']]>
            </message>
            <full-stacktrace>
              <![CDATA[java.lang.NoSuchMethodError: 'void org.openqa.selenium.support.ui.WebDriverWait.<init>(org.openqa.selenium.WebDriver, long)'
at pages.HospitalNames.getHospitalNames(HospitalNames.java:107)
at testSuites.TestCases.hospitalNames(TestCases.java:33)
at java.base/jdk.internal.reflect.NativeMethodAccessorImpl.invoke0(Native Method)
at java.base/jdk.internal.reflect.NativeMethodAccessorImpl.invoke(NativeMethodAccessorImpl.java:77)
at java.base/jdk.internal.reflect.DelegatingMethodAccessorImpl.invoke(DelegatingMethodAccessorImpl.java:43)
at java.base/java.lang.reflect.Method.invoke(Method.java:568)
at org.testng.internal.MethodInvocationHelper.invokeMethod(MethodInvocationHelper.java:133)
at org.testng.internal.TestInvoker.invokeMethod(TestInvoker.java:598)
at org.testng.internal.TestInvoker.invokeTestMethod(TestInvoker.java:173)
at org.testng.internal.MethodRunner.runInSequence(MethodRunner.java:46)
at org.testng.internal.TestInvoker$MethodInvocationAgent.invoke(TestInvoker.java:824)
at org.testng.internal.TestInvoker.invokeTestMethods(TestInvoker.java:146)
at org.testng.internal.TestMethodWorker.invokeTestMethods(TestMethodWorker.java:146)
at org.testng.internal.TestMethodWorker.run(TestMethodWorker.java:128)
at java.base/java.util.ArrayList.forEach(ArrayList.java:1511)
at org.testng.TestRunner.privateRun(TestRunner.java:794)
at org.testng.TestRunner.run(TestRunner.java:596)
at org.testng.SuiteRunner.runTest(SuiteRunner.java:377)
at org.testng.SuiteRunner.runSequentially(SuiteRunner.java:371)
at org.testng.SuiteRunner.privateRun(SuiteRunner.java:332)
at org.testng.SuiteRunner.run(SuiteRunner.java:276)
at org.testng.SuiteRunnerWorker.runSuite(SuiteRunnerWorker.java:53)
at org.testng.SuiteRunnerWorker.run(SuiteRunnerWorker.java:96)
at org.testng.TestNG.runSuitesSequentially(TestNG.java:1212)
at org.testng.TestNG.runSuitesLocally(TestNG.java:1134)
at org.testng.TestNG.runSuites(TestNG.java:1063)
at org.testng.TestNG.run(TestNG.java:1031)
at org.testng.remote.AbstractRemoteTestNG.run(AbstractRemoteTestNG.java:115)
at org.testng.remote.RemoteTestNG.initAndRun(RemoteTestNG.java:251)
at org.testng.remote.RemoteTestNG.main(RemoteTestNG.java:77)
]]>
            </full-stacktrace>
          </exception> <!-- java.lang.NoSuchMethodError -->
          <reporter-output>
          </reporter-output>
        </test-method> <!-- hospitalNames -->
        <test-method signature="TopCities()[pri:2, instance:testSuites.TestCases@1b410b60]" started-at="2023-06-06T09:58:13 IST" name="TopCities" finished-at="2023-06-06T09:58:35 IST" duration-ms="22025" status="PASS">
          <reporter-output>
          </reporter-output>
        </test-method> <!-- TopCities -->
        <test-method signature="corporateWellness()[pri:3, instance:testSuites.TestCases@1b410b60]" started-at="2023-06-06T09:58:35 IST" name="corporateWellness" finished-at="2023-06-06T09:58:51 IST" duration-ms="15587" status="PASS">
          <reporter-output>
          </reporter-output>
        </test-method> <!-- corporateWellness -->
        <test-method is-config="true" signature="closeBrowser()[pri:0, instance:testSuites.TestCases@1b410b60]" started-at="2023-06-06T09:58:51 IST" name="closeBrowser" finished-at="2023-06-06T09:58:54 IST" duration-ms="2669" status="PASS">
          <reporter-output>
          </reporter-output>
        </test-method> <!-- closeBrowser -->
      </class> <!-- testSuites.TestCases -->
    </test> <!-- Default test -->
  </suite> <!-- Default suite -->
</testng-results>
